0 info it worked if it ends with ok
1 verbose cli [ '/opt/local/bin/node',
1 verbose cli   '/opt/local/bin/npm',
1 verbose cli   'update',
1 verbose cli   '-g',
1 verbose cli   'ionic' ]
2 info using npm@2.1.5
3 info using node@v0.10.33
4 verbose mapToRegistry name ionic
5 verbose mapToRegistry uri https://registry.npmjs.org/ionic
6 verbose request on initialization, where is /ionic
7 verbose request after pass 1, where is /ionic
8 verbose request url raw /ionic
9 verbose request resolving registry [ 'https://registry.npmjs.org/', './ionic' ]
10 verbose request after pass 2, where is https://registry.npmjs.org/ionic
11 verbose request no auth needed
12 info attempt registry request try #1 at 10:37:29
13 verbose request id a122d6fa9934edb4
14 verbose etag "BUEMDKIKM84ZV9SNX0JNY6JG2"
15 http request GET https://registry.npmjs.org/ionic
16 http 200 https://registry.npmjs.org/ionic
17 silly registry.get cb [ 200,
17 silly registry.get   { date: 'Wed, 07 Jan 2015 15:37:30 GMT',
17 silly registry.get     server: 'CouchDB/1.5.0 (Erlang OTP/R16B03)',
17 silly registry.get     etag: '"110RS9W2JFRX4ZFPD86K6UX8D"',
17 silly registry.get     'content-type': 'application/json',
17 silly registry.get     'cache-control': 'max-age=60',
17 silly registry.get     'content-length': '177713',
17 silly registry.get     'accept-ranges': 'bytes',
17 silly registry.get     via: '1.1 varnish',
17 silly registry.get     age: '41',
17 silly registry.get     'x-served-by': 'cache-dfw1822-DFW',
17 silly registry.get     'x-cache': 'HIT',
17 silly registry.get     'x-cache-hits': '1',
17 silly registry.get     'x-timer': 'S1420645050.245804,VS0,VE0',
17 silly registry.get     vary: 'Accept',
17 silly registry.get     'keep-alive': 'timeout=10, max=50',
17 silly registry.get     connection: 'Keep-Alive' } ]
18 info outdated updating [ [ '/opt/local/lib',
18 info outdated     'ionic',
18 info outdated     '1.2.13',
18 info outdated     '1.3.0-beta1',
18 info outdated     '1.3.0-beta1',
18 info outdated     'latest' ] ]
19 verbose install where, what [ '/opt/local/lib', [ 'ionic@1.3.0-beta1' ] ]
20 silly cache add args [ 'ionic@1.3.0-beta1', null ]
21 verbose cache add spec ionic@1.3.0-beta1
22 silly cache add parsed spec { raw: 'ionic@1.3.0-beta1',
22 silly cache add   scope: null,
22 silly cache add   name: 'ionic',
22 silly cache add   rawSpec: '1.3.0-beta1',
22 silly cache add   spec: '1.3.0-beta1',
22 silly cache add   type: 'version' }
23 verbose addNamed ionic@1.3.0-beta1
24 silly addNamed semver.valid 1.3.0-beta1
25 silly addNamed semver.validRange 1.3.0-beta1
26 verbose mapToRegistry name ionic
27 verbose mapToRegistry uri https://registry.npmjs.org/ionic
28 verbose addNameVersion registry:https://registry.npmjs.org/ionic not in flight; fetching
29 verbose registry.get https://registry.npmjs.org/ionic not expired, no request
30 verbose addRemoteTarball https://registry.npmjs.org/ionic/-/ionic-1.3.0-beta1.tgz not in flight; adding
31 verbose addRemoteTarball [ 'https://registry.npmjs.org/ionic/-/ionic-1.3.0-beta1.tgz',
31 verbose addRemoteTarball   '2b48479cb39e18d254b76536665529aefebe9f36' ]
32 info retry fetch attempt 1 at 10:37:31
33 info attempt registry request try #1 at 10:37:31
34 http fetch GET https://registry.npmjs.org/ionic/-/ionic-1.3.0-beta1.tgz
35 http fetch 200 https://registry.npmjs.org/ionic/-/ionic-1.3.0-beta1.tgz
36 silly fetchAndShaCheck shasum 2b48479cb39e18d254b76536665529aefebe9f36
37 verbose addTmpTarball /var/folders/pp/9lh9g6ps1kgc9pkqwnbqxnjw0000gn/T/npm-41233-2b16f152/registry.npmjs.org/ionic/-/ionic-1.3.0-beta1.tgz not in flight; adding
38 verbose addTmpTarball already have metadata; skipping unpack for ionic@1.3.0-beta1
39 silly cache afterAdd ionic@1.3.0-beta1
40 verbose afterAdd /Users/kevinkutzko/.npm/ionic/1.3.0-beta1/package/package.json not in flight; writing
41 verbose afterAdd /Users/kevinkutzko/.npm/ionic/1.3.0-beta1/package/package.json written
42 silly install resolved [ { name: 'ionic',
42 silly install resolved     version: '1.3.0-beta1',
42 silly install resolved     preferGlobal: true,
42 silly install resolved     description: 'A tool for creating and developing Ionic Framework mobile apps.',
42 silly install resolved     homepage: 'http://ionicframework.com/',
42 silly install resolved     bin: { ionic: 'bin/ionic' },
42 silly install resolved     keywords:
42 silly install resolved      [ 'ionic',
42 silly install resolved        'ionic framework',
42 silly install resolved        'ionicframework',
42 silly install resolved        'mobile',
42 silly install resolved        'app',
42 silly install resolved        'hybrid',
42 silly install resolved        'cordova',
42 silly install resolved        'phonegap' ],
42 silly install resolved     repository:
42 silly install resolved      { type: 'git',
42 silly install resolved        url: 'https://github.com/driftyco/ionic-cli.git' },
42 silly install resolved     contributors: [ [Object], [Object], [Object], [Object] ],
42 silly install resolved     license: 'MIT',
42 silly install resolved     dependencies:
42 silly install resolved      { archiver: '0.5.1',
42 silly install resolved        colors: '0.6.2',
42 silly install resolved        connect: '3.1.1',
42 silly install resolved        'connect-livereload': '0.4.0',
42 silly install resolved        crc: '3.2.1',
42 silly install resolved        'cross-spawn': '0.2.3',
42 silly install resolved        'event-stream': '3.0.x',
42 silly install resolved        finalhandler: '0.2.0',
42 silly install resolved        'form-data': '0.1.4',
42 silly install resolved        gulp: '3.8.8',
42 silly install resolved        ncp: '0.4.2',
42 silly install resolved        npm: '2.1.3',
42 silly install resolved        opbeat: '^1.0.7',
42 silly install resolved        open: '0.0.5',
42 silly install resolved        optimist: '0.6.0',
42 silly install resolved        progress: '1.1.7',
42 silly install resolved        prompt: '0.2.12',
42 silly install resolved        'proxy-middleware': '^0.7.0',
42 silly install resolved        q: '1.0.1',
42 silly install resolved        request: '2.51.0',
42 silly install resolved        'serve-static': '1.7.1',
42 silly install resolved        shelljs: '0.2.6',
42 silly install resolved        'tiny-lr-fork': '0.0.5',
42 silly install resolved        underscore: '~1.7.0',
42 silly install resolved        unzip: '0.1.9',
42 silly install resolved        'vinyl-fs': '0.3.7',
42 silly install resolved        xml2js: '0.4.4' },
42 silly install resolved     gitHead: '6ecea1b61a19278093701190906f97eba17e66c4',
42 silly install resolved     bugs: { url: 'https://github.com/driftyco/ionic-cli/issues' },
42 silly install resolved     _id: 'ionic@1.3.0-beta1',
42 silly install resolved     scripts: {},
42 silly install resolved     _shasum: '2b48479cb39e18d254b76536665529aefebe9f36',
42 silly install resolved     _from: 'ionic@1.3.0-beta1',
42 silly install resolved     _npmVersion: '2.1.10',
42 silly install resolved     _nodeVersion: '0.10.33',
42 silly install resolved     _npmUser: { name: 'drifty', email: 'max@drifty.com' },
42 silly install resolved     maintainers: [ [Object] ],
42 silly install resolved     dist:
42 silly install resolved      { shasum: '2b48479cb39e18d254b76536665529aefebe9f36',
42 silly install resolved        tarball: 'http://registry.npmjs.org/ionic/-/ionic-1.3.0-beta1.tgz' },
42 silly install resolved     directories: {},
42 silly install resolved     _resolved: 'https://registry.npmjs.org/ionic/-/ionic-1.3.0-beta1.tgz' } ]
43 info install ionic@1.3.0-beta1 into /opt/local/lib
44 info installOne ionic@1.3.0-beta1
45 verbose installOne of ionic to /opt/local/lib not in flight; installing
46 verbose lock using /Users/kevinkutzko/.npm/_locks/ionic-08cb2bc1ade525d1.lock for /opt/local/lib/node_modules/ionic
47 silly install write writing ionic 1.3.0-beta1 to /opt/local/lib/node_modules/ionic
48 silly cache addNamed cb ionic@1.3.0-beta1
49 verbose unbuild lib/node_modules/ionic
50 info preuninstall ionic@1.2.13
51 info uninstall ionic@1.2.13
52 verbose unbuild rmStuff ionic@1.2.13 from /opt/local/lib/node_modules
53 verbose /opt/local/bin,[object Object] binRoot
54 verbose gentlyRm verifying that /opt/local/lib/node_modules/ionic is managed by npm
55 silly cacheAndTest /opt/local/lib/node_modules/ionic is inside /opt/local/lib/node_modules
56 silly gentlyRm /opt/local/lib/node_modules/ionic is managed by npm
57 silly gentlyRm /opt/local/bin/ionic is not under /opt/local/lib/node_modules/ionic
58 silly gentlyRm checking to see if /opt/local/bin/ionic is a link
59 silly gentlyRm /opt/local/bin/ionic is a link
60 silly gentlyRm /opt/local/lib/node_modules/ionic/bin/ionic inside /opt/local/lib/node_modules/ionic
61 verbose gentlyRm vacuuming /opt/local/bin/ionic
62 silly gentlyRm removing /opt/local/bin/ionic
63 verbose unlock done using /Users/kevinkutzko/.npm/_locks/ionic-08cb2bc1ade525d1.lock for /opt/local/lib/node_modules/ionic
64 verbose stack Error: EACCES, unlink '/opt/local/bin/ionic'
65 verbose cwd /Users/kevinkutzko/git/kevinnivek/kevinsez
66 error Darwin 14.0.0
67 error argv "/opt/local/bin/node" "/opt/local/bin/npm" "update" "-g" "ionic"
68 error node v0.10.33
69 error npm  v2.1.5
70 error path /opt/local/bin/ionic
71 error code EACCES
72 error errno 3
73 error Error: EACCES, unlink '/opt/local/bin/ionic'
73 error  { [Error: EACCES, unlink '/opt/local/bin/ionic'] errno: 3, code: 'EACCES', path: '/opt/local/bin/ionic' }
74 error Please try running this command again as root/Administrator.
75 verbose exit [ 3, true ]
76 verbose unbuild lib/node_modules/ionic
77 info preuninstall ionic@1.2.13
78 info uninstall ionic@1.2.13
79 verbose unbuild rmStuff ionic@1.2.13 from /opt/local/lib/node_modules
80 verbose /opt/local/bin,[object Object] binRoot
81 verbose gentlyRm verifying that /opt/local/lib/node_modules/ionic is managed by npm
82 silly isManaged /opt/local/lib/node_modules/ionic is inside /opt/local/lib/node_modules
83 silly gentlyRm /opt/local/lib/node_modules/ionic is managed by npm
84 silly gentlyRm /opt/local/bin/ionic is not under /opt/local/lib/node_modules/ionic
85 silly gentlyRm checking to see if /opt/local/bin/ionic is a link
86 silly gentlyRm /opt/local/bin/ionic is a link
87 silly gentlyRm /opt/local/lib/node_modules/ionic/bin/ionic inside /opt/local/lib/node_modules/ionic
88 verbose gentlyRm vacuuming /opt/local/bin/ionic
89 silly gentlyRm removing /opt/local/bin/ionic
90 error error rolling back Error: EACCES, unlink '/opt/local/bin/ionic'
90 error error rolling back  { [Error: EACCES, unlink '/opt/local/bin/ionic'] errno: 3, code: 'EACCES', path: '/opt/local/bin/ionic' }
